<?xml version="1.0" encoding="UTF-8"?>
<!-- Generated by org.testng.reporters.JUnitXMLReporter -->
<testsuite ignored="0" hostname="WDSC300000020" failures="1" tests="2" name="Run on Firefox browser" time="44.011" errors="0" timestamp="2024-06-28T10:28:03 ICT">
  <testcase classname="com.nopcommerce.users.Level_18_ExtentReportV5" name="TC_01_Register_User_To_Admin" time="1.563"/>
  <testcase classname="com.nopcommerce.users.Level_18_ExtentReportV5" name="TC_02" time="1.544">
    <failure type="java.lang.AssertionError" message="expected [Your registration completed.] but found [Your registration completed]">
      <![CDATA[java.lang.AssertionError: expected [Your registration completed.] but found [Your registration completed]
at com.nopcommerce.users.Level_18_ExtentReportV5.TC_02(Level_18_ExtentReportV5.java:83)
at java.base/java.util.ArrayList.forEach(ArrayList.java:1511)
at com.intellij.rt.testng.IDEARemoteTestNG.run(IDEARemoteTestNG.java:65)
at com.intellij.rt.testng.RemoteTestNGStarter.main(RemoteTestNGStarter.java:105)
... Removed 30 stack frames]]>
    </failure>
  </testcase> <!-- TC_02 -->
</testsuite> <!-- Run on Firefox browser -->
