<?xml version="1.0" encoding="UTF-8"?>
<!-- Generated by org.testng.reporters.JUnitXMLReporter -->
<testsuite ignored="0" hostname="WDSC300000020" failures="0" tests="2" name="Run on Chrome browser" time="29.696" errors="0" timestamp="2024-08-29T17:12:33 ICT">
  <testcase classname="com.nopcommerce.users.Level_32_Environment_02_Java_Properties" name="TC_01_Register" time="0.041"/>
  <testcase classname="com.nopcommerce.users.Level_32_Environment_02_Java_Properties" name="TC_02_Login" time="0.004"/>
</testsuite> <!-- Run on Chrome browser -->
