<?xml version="1.0" encoding="UTF-8"?>
<!-- Generated by org.testng.reporters.JUnitXMLReporter -->
<testsuite ignored="0" hostname="WDSC300000020" failures="0" tests="2" name="Run on Chrome browser" time="59.59" errors="0" timestamp="2024-08-30T15:33:12 ICT">
  <testcase classname="com.nopcommerce.users.Level_32_Environment_03_Java_Owner" name="TC_01_Register" time="0.029"/>
  <testcase classname="com.nopcommerce.users.Level_32_Environment_03_Java_Owner" name="TC_02_Login" time="0.003"/>
</testsuite> <!-- Run on Chrome browser -->
