<?xml version="1.0" encoding="UTF-8"?>
<testng-results ignored="0" total="2" passed="2" failed="0" skipped="0">
  <reporter-output>
    <line>
      <![CDATA[-----START delete file in folder----------]]>
    </line>
    <line>
      <![CDATA[-----END delete file in folder----------]]>
    </line>
    <line>
      <![CDATA[OS name = windows 11]]>
    </line>
    <line>
      <![CDATA[Driver instance name = chromedriver: chrome on windows (07bd674ce488156cde28c9a3a2abdd00)]]>
    </line>
  </reporter-output>
  <suite started-at="2024-08-29T17:12:03 ICT" name="NopCommerce Automation Testing" finished-at="2024-08-29T17:12:33 ICT" duration-ms="29696">
    <groups>
    </groups>
    <test started-at="2024-08-29T17:12:03 ICT" name="Run on Chrome browser" finished-at="2024-08-29T17:12:33 ICT" duration-ms="29696">
      <class name="com.nopcommerce.users.Level_32_Environment_02_Java_Properties">
        <test-method is-config="true" signature="deleteFileInReport()[pri:0, instance:com.nopcommerce.users.Level_32_Environment_02_Java_Properties@3fffff43]" started-at="2024-08-29T17:12:03 ICT" name="deleteFileInReport" finished-at="2024-08-29T17:12:03 ICT" duration-ms="24" status="PASS">
          <reporter-output>
            <line>
              <![CDATA[-----START delete file in folder----------]]>
            </line>
            <line>
              <![CDATA[-----END delete file in folder----------]]>
            </line>
          </reporter-output>
        </test-method> <!-- deleteFileInReport -->
        <test-method is-config="true" signature="beforeClass(java.lang.String,java.lang.String)[pri:0, instance:com.nopcommerce.users.Level_32_Environment_02_Java_Properties@3fffff43]" started-at="2024-08-29T17:12:03 ICT" name="beforeClass" finished-at="2024-08-29T17:12:30 ICT" duration-ms="27199" status="PASS">
          <params>
            <param index="0">
              <value>
                <![CDATA[CHROME]]>
              </value>
            </param>
            <param index="1">
              <value>
                <![CDATA[testing]]>
              </value>
            </param>
          </params>
          <reporter-output>
          </reporter-output>
        </test-method> <!-- beforeClass -->
        <test-method signature="TC_01_Register()[pri:0, instance:com.nopcommerce.users.Level_32_Environment_02_Java_Properties@3fffff43]" started-at="2024-08-29T17:12:30 ICT" name="TC_01_Register" finished-at="2024-08-29T17:12:30 ICT" duration-ms="41" status="PASS">
          <reporter-output>
          </reporter-output>
        </test-method> <!-- TC_01_Register -->
        <test-method signature="TC_02_Login()[pri:0, instance:com.nopcommerce.users.Level_32_Environment_02_Java_Properties@3fffff43]" started-at="2024-08-29T17:12:30 ICT" name="TC_02_Login" finished-at="2024-08-29T17:12:30 ICT" duration-ms="4" status="PASS">
          <reporter-output>
          </reporter-output>
        </test-method> <!-- TC_02_Login -->
        <test-method is-config="true" signature="afterClass()[pri:0, instance:com.nopcommerce.users.Level_32_Environment_02_Java_Properties@3fffff43]" started-at="2024-08-29T17:12:30 ICT" name="afterClass" finished-at="2024-08-29T17:12:33 ICT" duration-ms="2330" status="PASS">
          <reporter-output>
            <line>
              <![CDATA[OS name = windows 11]]>
            </line>
            <line>
              <![CDATA[Driver instance name = chromedriver: chrome on windows (07bd674ce488156cde28c9a3a2abdd00)]]>
            </line>
          </reporter-output>
        </test-method> <!-- afterClass -->
      </class> <!-- com.nopcommerce.users.Level_32_Environment_02_Java_Properties -->
    </test> <!-- Run on Chrome browser -->
  </suite> <!-- NopCommerce Automation Testing -->
</testng-results>
